<?xml version="1.0" encoding="UTF-8"?>
<testng-results ignored="0" total="1" passed="1" failed="0" skipped="0">
  <reporter-output>
  </reporter-output>
  <suite started-at="2025-02-03T15:38:02 IST" name="Default suite" finished-at="2025-02-03T15:38:12 IST" duration-ms="9929">
    <groups>
      <group name="cucumber">
        <method signature="AbstractTestNGCucumberTests.runScenario(io.cucumber.testng.PickleWrapper,io.cucumber.testng.FeatureWrapper)[pri:0, instance:runners.Testrunner@75d4a5c2]" name="runScenario" class="io.cucumber.testng.AbstractTestNGCucumberTests"/>
      </group> <!-- cucumber -->
    </groups>
    <test started-at="2025-02-03T15:38:02 IST" name="Default test" finished-at="2025-02-03T15:38:12 IST" duration-ms="9929">
      <class name="runners.Testrunner">
        <test-method is-config="true" signature="setUpClass(org.testng.ITestContext)[pri:0, instance:runners.Testrunner@75d4a5c2]" started-at="2025-02-03T15:38:02 IST" name="setUpClass" finished-at="2025-02-03T15:38:02 IST" duration-ms="357" status="PASS">
          <params>
            <param index="0">
              <value>
                <![CDATA[org.testng.TestRunner@4fa06f52]]>
              </value>
            </param>
          </params>
          <reporter-output>
          </reporter-output>
        </test-method> <!-- setUpClass -->
        <test-method signature="runScenario(io.cucumber.testng.PickleWrapper,io.cucumber.testng.FeatureWrapper)[pri:0, instance:runners.Testrunner@75d4a5c2]" started-at="2025-02-03T15:38:03 IST" name="runScenario" description="Runs Cucumber Scenarios" data-provider="scenarios" finished-at="2025-02-03T15:38:12 IST" duration-ms="9518" status="PASS">
          <params>
            <param index="0">
              <value>
                <![CDATA["Search for an item in Home and Kitchen category"]]>
              </value>
            </param>
            <param index="1">
              <value>
                <![CDATA["Home and Kitchen Module Testing"]]>
              </value>
            </param>
          </params>
          <reporter-output>
          </reporter-output>
        </test-method> <!-- runScenario -->
        <test-method is-config="true" signature="tearDownClass()[pri:0, instance:runners.Testrunner@75d4a5c2]" started-at="2025-02-03T15:38:12 IST" name="tearDownClass" finished-at="2025-02-03T15:38:12 IST" duration-ms="4" status="PASS">
          <reporter-output>
          </reporter-output>
        </test-method> <!-- tearDownClass -->
      </class> <!-- runners.Testrunner -->
    </test> <!-- Default test -->
  </suite> <!-- Default suite -->
</testng-results>
